# JRE version: OpenJDK Runtime Environment Temurin-17.0.7+7 (17.0.7+7) (build 17.0.7+7)
# Java VM: OpenJDK 64-Bit Server VM Temurin-17.0.7+7 (17.0.7+7, mixed mode, sharing, tiered, compressed oops, compressed class ptrs, g1 gc, windows-amd64)
GC Precious Log:
 CPUs: 12 total, 12 available
 Memory: 16175M
 Large Page Support: Disabled
 NUMA Support: Disabled
 Compressed Oops: Enabled (Zero based)
 Heap Region Size: 2M
 Heap Min Capacity: 512M
 Heap Initial Capacity: 512M
 Heap Max Capacity: 4072M
 Pre-touch: Disabled
 Parallel Workers: 10
 Concurrent Workers: 3
 Concurrent Refinement Workers: 10
 Periodic GC: Disabled
 String Deduplication is enabled
Heap:
 garbage-first heap   total 524288K, used 135014K [0x0000000701800000, 0x0000000800000000)
  region size 2048K, 23 young (47104K), 1 survivors (2048K)
 Metaspace       used 87996K, committed 88768K, reserved 1179648K
  class space    used 11830K, committed 12224K, reserved 1048576K
GC Heap History (20 events):
Event: 2474.411 GC heap before
{Heap before GC invocations=454 (full 332):
 garbage-first heap   total 524288K, used 170743K [0x0000000701800000, 0x0000000800000000)
  region size 2048K, 40 young (81920K), 1 survivors (2048K)
 Metaspace       used 87746K, committed 88512K, reserved 1179648K
  class space    used 11829K, committed 12224K, reserved 1048576K
}
Event: 2474.413 GC heap after
{Heap after GC invocations=455 (full 332):
 garbage-first heap   total 524288K, used 90878K [0x0000000701800000, 0x0000000800000000)
  region size 2048K, 1 young (2048K), 1 survivors (2048K)
 Metaspace       used 87746K, committed 88512K, reserved 1179648K
  class space    used 11829K, committed 12224K, reserved 1048576K
}
Event: 2487.024 GC heap before
{Heap before GC invocations=455 (full 332):
 garbage-first heap   total 524288K, used 170750K [0x0000000701800000, 0x0000000800000000)
  region size 2048K, 40 young (81920K), 1 survivors (2048K)
 Metaspace       used 87768K, committed 88512K, reserved 1179648K
  class space    used 11829K, committed 12224K, reserved 1048576K
}
Event: 2487.026 GC heap after
{Heap after GC invocations=456 (full 332):
 garbage-first heap   total 524288K, used 90964K [0x0000000701800000, 0x0000000800000000)
  region size 2048K, 1 young (2048K), 1 survivors (2048K)
 Metaspace       used 87768K, committed 88512K, reserved 1179648K
  class space    used 11829K, committed 12224K, reserved 1048576K
}
Event: 2492.652 GC heap before
{Heap before GC invocations=456 (full 332):
 garbage-first heap   total 524288K, used 170836K [0x0000000701800000, 0x0000000800000000)
  region size 2048K, 40 young (81920K), 1 survivors (2048K)
 Metaspace       used 87786K, committed 88576K, reserved 1179648K
  class space    used 11830K, committed 12224K, reserved 1048576K
}
Event: 2492.653 GC heap after
{Heap after GC invocations=457 (full 332):
 garbage-first heap   total 524288K, used 90924K [0x0000000701800000, 0x0000000800000000)
  region size 2048K, 1 young (2048K), 1 survivors (2048K)
 Metaspace       used 87786K, committed 88576K, reserved 1179648K
  class space    used 11830K, committed 12224K, reserved 1048576K
}
Event: 2507.750 GC heap before
{Heap before GC invocations=457 (full 332):
 garbage-first heap   total 524288K, used 170796K [0x0000000701800000, 0x0000000800000000)
  region size 2048K, 40 young (81920K), 1 survivors (2048K)
 Metaspace       used 87825K, committed 88640K, reserved 1179648K
  class space    used 11830K, committed 12224K, reserved 1048576K
}
Event: 2507.752 GC heap after
{Heap after GC invocations=458 (full 332):
 garbage-first heap   total 524288K, used 90971K [0x0000000701800000, 0x0000000800000000)
  region size 2048K, 1 young (2048K), 1 survivors (2048K)
 Metaspace       used 87825K, committed 88640K, reserved 1179648K
  class space    used 11830K, committed 12224K, reserved 1048576K
}
Event: 2510.164 GC heap before
{Heap before GC invocations=458 (full 332):
 garbage-first heap   total 524288K, used 170843K [0x0000000701800000, 0x0000000800000000)
  region size 2048K, 40 young (81920K), 1 survivors (2048K)
 Metaspace       used 87840K, committed 88640K, reserved 1179648K
  class space    used 11830K, committed 12224K, reserved 1048576K
}
Event: 2510.165 GC heap after
{Heap after GC invocations=459 (full 332):
 garbage-first heap   total 524288K, used 91744K [0x0000000701800000, 0x0000000800000000)
  region size 2048K, 1 young (2048K), 1 survivors (2048K)
 Metaspace       used 87840K, committed 88640K, reserved 1179648K
  class space    used 11830K, committed 12224K, reserved 1048576K
}
Event: 2518.313 GC heap before
{Heap before GC invocations=459 (full 332):
 garbage-first heap   total 524288K, used 171616K [0x0000000701800000, 0x0000000800000000)
  region size 2048K, 40 young (81920K), 1 survivors (2048K)
 Metaspace       used 87861K, committed 88640K, reserved 1179648K
  class space    used 11830K, committed 12224K, reserved 1048576K
}
Event: 2518.314 GC heap after
{Heap after GC invocations=460 (full 332):
 garbage-first heap   total 524288K, used 91202K [0x0000000701800000, 0x0000000800000000)
  region size 2048K, 1 young (2048K), 1 survivors (2048K)
 Metaspace       used 87861K, committed 88640K, reserved 1179648K
  class space    used 11830K, committed 12224K, reserved 1048576K
}
Event: 2536.177 GC heap before
{Heap before GC invocations=460 (full 332):
 garbage-first heap   total 524288K, used 171074K [0x0000000701800000, 0x0000000800000000)
  region size 2048K, 40 young (81920K), 1 survivors (2048K)
 Metaspace       used 87880K, committed 88640K, reserved 1179648K
  class space    used 11830K, committed 12224K, reserved 1048576K
}
Event: 2536.178 GC heap after
{Heap after GC invocations=461 (full 332):
 garbage-first heap   total 524288K, used 91827K [0x0000000701800000, 0x0000000800000000)
  region size 2048K, 1 young (2048K), 1 survivors (2048K)
 Metaspace       used 87880K, committed 88640K, reserved 1179648K
  class space    used 11830K, committed 12224K, reserved 1048576K
}
Event: 2538.184 GC heap before
{Heap before GC invocations=461 (full 332):
 garbage-first heap   total 524288K, used 171699K [0x0000000701800000, 0x0000000800000000)
  region size 2048K, 40 young (81920K), 1 survivors (2048K)
 Metaspace       used 87894K, committed 88640K, reserved 1179648K
  class space    used 11830K, committed 12224K, reserved 1048576K
}
Event: 2538.185 GC heap after
{Heap after GC invocations=462 (full 332):
 garbage-first heap   total 524288K, used 91962K [0x0000000701800000, 0x0000000800000000)
  region size 2048K, 1 young (2048K), 1 survivors (2048K)
 Metaspace       used 87894K, committed 88640K, reserved 1179648K
  class space    used 11830K, committed 12224K, reserved 1048576K
}
Event: 2547.351 GC heap before
{Heap before GC invocations=462 (full 332):
 garbage-first heap   total 524288K, used 171834K [0x0000000701800000, 0x0000000800000000)
  region size 2048K, 40 young (81920K), 1 survivors (2048K)
 Metaspace       used 87946K, committed 88768K, reserved 1179648K
  class space    used 11830K, committed 12224K, reserved 1048576K
}
Event: 2547.353 GC heap after
{Heap after GC invocations=463 (full 332):
 garbage-first heap   total 524288K, used 91322K [0x0000000701800000, 0x0000000800000000)
  region size 2048K, 1 young (2048K), 1 survivors (2048K)
 Metaspace       used 87946K, committed 88768K, reserved 1179648K
  class space    used 11830K, committed 12224K, reserved 1048576K
}
Event: 2550.182 GC heap before
{Heap before GC invocations=463 (full 332):
 garbage-first heap   total 524288K, used 171194K [0x0000000701800000, 0x0000000800000000)
  region size 2048K, 40 young (81920K), 1 survivors (2048K)
 Metaspace       used 87992K, committed 88768K, reserved 1179648K
  class space    used 11830K, committed 12224K, reserved 1048576K
}
Event: 2550.183 GC heap after
{Heap after GC invocations=464 (full 332):
 garbage-first heap   total 524288K, used 92006K [0x0000000701800000, 0x0000000800000000)
  region size 2048K, 1 young (2048K), 1 survivors (2048K)
 Metaspace       used 87992K, committed 88768K, reserved 1179648K
  class space    used 11830K, committed 12224K, reserved 1048576K
}

