# JRE version: OpenJDK Runtime Environment Temurin-17.0.7+7 (17.0.7+7) (build 17.0.7+7)
# Java VM: OpenJDK 64-Bit Server VM Temurin-17.0.7+7 (17.0.7+7, mixed mode, sharing, tiered, compressed oops, compressed class ptrs, g1 gc, windows-amd64)
GC Precious Log:
 CPUs: 12 total, 12 available
 Memory: 15663M
 Large Page Support: Disabled
 NUMA Support: Disabled
 Compressed Oops: Enabled (Zero based)
 Heap Region Size: 2M
 Heap Min Capacity: 512M
 Heap Initial Capacity: 512M
 Heap Max Capacity: 4072M
 Pre-touch: Disabled
 Parallel Workers: 10
 Concurrent Workers: 3
 Concurrent Refinement Workers: 10
 Periodic GC: Disabled
 String Deduplication is enabled
Heap:
 garbage-first heap   total 524288K, used 94872K [0x0000000701800000, 0x0000000800000000)
  region size 2048K, 6 young (12288K), 1 survivors (2048K)
 Metaspace       used 86119K, committed 86720K, reserved 1179648K
  class space    used 11584K, committed 11904K, reserved 1048576K
GC Heap History (20 events):
Event: 2659.204 GC heap before
{Heap before GC invocations=213 (full 5):
 garbage-first heap   total 524288K, used 165503K [0x0000000701800000, 0x0000000800000000)
  region size 2048K, 40 young (81920K), 1 survivors (2048K)
 Metaspace       used 86069K, committed 86720K, reserved 1179648K
  class space    used 11584K, committed 11904K, reserved 1048576K
}
Event: 2659.206 GC heap after
{Heap after GC invocations=214 (full 5):
 garbage-first heap   total 524288K, used 86178K [0x0000000701800000, 0x0000000800000000)
  region size 2048K, 2 young (4096K), 2 survivors (4096K)
 Metaspace       used 86069K, committed 86720K, reserved 1179648K
  class space    used 11584K, committed 11904K, reserved 1048576K
}
Event: 2661.590 GC heap before
{Heap before GC invocations=214 (full 5):
 garbage-first heap   total 524288K, used 164002K [0x0000000701800000, 0x0000000800000000)
  region size 2048K, 40 young (81920K), 2 survivors (4096K)
 Metaspace       used 86083K, committed 86720K, reserved 1179648K
  class space    used 11584K, committed 11904K, reserved 1048576K
}
Event: 2661.591 GC heap after
{Heap after GC invocations=215 (full 5):
 garbage-first heap   total 524288K, used 85852K [0x0000000701800000, 0x0000000800000000)
  region size 2048K, 1 young (2048K), 1 survivors (2048K)
 Metaspace       used 86083K, committed 86720K, reserved 1179648K
  class space    used 11584K, committed 11904K, reserved 1048576K
}
Event: 2663.242 GC heap before
{Heap before GC invocations=215 (full 5):
 garbage-first heap   total 524288K, used 165724K [0x0000000701800000, 0x0000000800000000)
  region size 2048K, 40 young (81920K), 1 survivors (2048K)
 Metaspace       used 86085K, committed 86720K, reserved 1179648K
  class space    used 11584K, committed 11904K, reserved 1048576K
}
Event: 2663.244 GC heap after
{Heap after GC invocations=216 (full 5):
 garbage-first heap   total 524288K, used 86312K [0x0000000701800000, 0x0000000800000000)
  region size 2048K, 2 young (4096K), 2 survivors (4096K)
 Metaspace       used 86085K, committed 86720K, reserved 1179648K
  class space    used 11584K, committed 11904K, reserved 1048576K
}
Event: 2666.045 GC heap before
{Heap before GC invocations=216 (full 5):
 garbage-first heap   total 524288K, used 164136K [0x0000000701800000, 0x0000000800000000)
  region size 2048K, 40 young (81920K), 2 survivors (4096K)
 Metaspace       used 86090K, committed 86720K, reserved 1179648K
  class space    used 11584K, committed 11904K, reserved 1048576K
}
Event: 2666.046 GC heap after
{Heap after GC invocations=217 (full 5):
 garbage-first heap   total 524288K, used 85692K [0x0000000701800000, 0x0000000800000000)
  region size 2048K, 1 young (2048K), 1 survivors (2048K)
 Metaspace       used 86090K, committed 86720K, reserved 1179648K
  class space    used 11584K, committed 11904K, reserved 1048576K
}
Event: 2681.536 GC heap before
{Heap before GC invocations=217 (full 5):
 garbage-first heap   total 524288K, used 165564K [0x0000000701800000, 0x0000000800000000)
  region size 2048K, 40 young (81920K), 1 survivors (2048K)
 Metaspace       used 86092K, committed 86720K, reserved 1179648K
  class space    used 11584K, committed 11904K, reserved 1048576K
}
Event: 2681.538 GC heap after
{Heap after GC invocations=218 (full 5):
 garbage-first heap   total 524288K, used 85733K [0x0000000701800000, 0x0000000800000000)
  region size 2048K, 1 young (2048K), 1 survivors (2048K)
 Metaspace       used 86092K, committed 86720K, reserved 1179648K
  class space    used 11584K, committed 11904K, reserved 1048576K
}
Event: 2696.491 GC heap before
{Heap before GC invocations=218 (full 5):
 garbage-first heap   total 524288K, used 165605K [0x0000000701800000, 0x0000000800000000)
  region size 2048K, 40 young (81920K), 1 survivors (2048K)
 Metaspace       used 86103K, committed 86720K, reserved 1179648K
  class space    used 11584K, committed 11904K, reserved 1048576K
}
Event: 2696.492 GC heap after
{Heap after GC invocations=219 (full 5):
 garbage-first heap   total 524288K, used 85701K [0x0000000701800000, 0x0000000800000000)
  region size 2048K, 1 young (2048K), 1 survivors (2048K)
 Metaspace       used 86103K, committed 86720K, reserved 1179648K
  class space    used 11584K, committed 11904K, reserved 1048576K
}
Event: 2698.807 GC heap before
{Heap before GC invocations=219 (full 5):
 garbage-first heap   total 524288K, used 165573K [0x0000000701800000, 0x0000000800000000)
  region size 2048K, 40 young (81920K), 1 survivors (2048K)
 Metaspace       used 86105K, committed 86720K, reserved 1179648K
  class space    used 11584K, committed 11904K, reserved 1048576K
}
Event: 2698.809 GC heap after
{Heap after GC invocations=220 (full 5):
 garbage-first heap   total 524288K, used 85730K [0x0000000701800000, 0x0000000800000000)
  region size 2048K, 1 young (2048K), 1 survivors (2048K)
 Metaspace       used 86105K, committed 86720K, reserved 1179648K
  class space    used 11584K, committed 11904K, reserved 1048576K
}
Event: 2709.181 GC heap before
{Heap before GC invocations=220 (full 5):
 garbage-first heap   total 524288K, used 165602K [0x0000000701800000, 0x0000000800000000)
  region size 2048K, 40 young (81920K), 1 survivors (2048K)
 Metaspace       used 86107K, committed 86720K, reserved 1179648K
  class space    used 11584K, committed 11904K, reserved 1048576K
}
Event: 2709.182 GC heap after
{Heap after GC invocations=221 (full 5):
 garbage-first heap   total 524288K, used 85661K [0x0000000701800000, 0x0000000800000000)
  region size 2048K, 1 young (2048K), 1 survivors (2048K)
 Metaspace       used 86107K, committed 86720K, reserved 1179648K
  class space    used 11584K, committed 11904K, reserved 1048576K
}
Event: 2725.290 GC heap before
{Heap before GC invocations=221 (full 5):
 garbage-first heap   total 524288K, used 165533K [0x0000000701800000, 0x0000000800000000)
  region size 2048K, 40 young (81920K), 1 survivors (2048K)
 Metaspace       used 86119K, committed 86720K, reserved 1179648K
  class space    used 11584K, committed 11904K, reserved 1048576K
}
Event: 2725.292 GC heap after
{Heap after GC invocations=222 (full 5):
 garbage-first heap   total 524288K, used 86372K [0x0000000701800000, 0x0000000800000000)
  region size 2048K, 2 young (4096K), 2 survivors (4096K)
 Metaspace       used 86119K, committed 86720K, reserved 1179648K
  class space    used 11584K, committed 11904K, reserved 1048576K
}
Event: 2727.309 GC heap before
{Heap before GC invocations=222 (full 5):
 garbage-first heap   total 524288K, used 164196K [0x0000000701800000, 0x0000000800000000)
  region size 2048K, 40 young (81920K), 2 survivors (4096K)
 Metaspace       used 86119K, committed 86720K, reserved 1179648K
  class space    used 11584K, committed 11904K, reserved 1048576K
}
Event: 2727.310 GC heap after
{Heap after GC invocations=223 (full 5):
 garbage-first heap   total 524288K, used 86680K [0x0000000701800000, 0x0000000800000000)
  region size 2048K, 1 young (2048K), 1 survivors (2048K)
 Metaspace       used 86119K, committed 86720K, reserved 1179648K
  class space    used 11584K, committed 11904K, reserved 1048576K
}

