# JRE version: OpenJDK Runtime Environment Temurin-17.0.7+7 (17.0.7+7) (build 17.0.7+7)
# Java VM: OpenJDK 64-Bit Server VM Temurin-17.0.7+7 (17.0.7+7, mixed mode, sharing, tiered, compressed oops, compressed class ptrs, g1 gc, windows-amd64)
GC Precious Log:
 CPUs: 12 total, 12 available
 Memory: 15663M
 Large Page Support: Disabled
 NUMA Support: Disabled
 Compressed Oops: Enabled (Zero based)
 Heap Region Size: 2M
 Heap Min Capacity: 512M
 Heap Initial Capacity: 512M
 Heap Max Capacity: 4072M
 Pre-touch: Disabled
 Parallel Workers: 10
 Concurrent Workers: 3
 Concurrent Refinement Workers: 10
 Periodic GC: Disabled
 String Deduplication is enabled
Heap:
 garbage-first heap   total 524288K, used 121133K [0x0000000701800000, 0x0000000800000000)
  region size 2048K, 12 young (24576K), 2 survivors (4096K)
 Metaspace       used 94768K, committed 95488K, reserved 1179648K
  class space    used 12983K, committed 13312K, reserved 1048576K
GC Heap History (20 events):
Event: 1469.404 GC heap before
{Heap before GC invocations=266 (full 86):
 garbage-first heap   total 524288K, used 104564K [0x0000000701800000, 0x0000000800000000)
  region size 2048K, 3 young (6144K), 0 survivors (0K)
 Metaspace       used 94573K, committed 95232K, reserved 1179648K
  class space    used 12978K, committed 13312K, reserved 1048576K
}
Event: 1469.450 GC heap after
{Heap after GC invocations=267 (full 87):
 garbage-first heap   total 524288K, used 100496K [0x0000000701800000, 0x0000000800000000)
  region size 2048K, 0 young (0K), 0 survivors (0K)
 Metaspace       used 94573K, committed 95232K, reserved 1179648K
  class space    used 12978K, committed 13312K, reserved 1048576K
}
Event: 1469.778 GC heap before
{Heap before GC invocations=267 (full 87):
 garbage-first heap   total 524288K, used 102544K [0x0000000701800000, 0x0000000800000000)
  region size 2048K, 2 young (4096K), 0 survivors (0K)
 Metaspace       used 94573K, committed 95232K, reserved 1179648K
  class space    used 12978K, committed 13312K, reserved 1048576K
}
Event: 1469.823 GC heap after
{Heap after GC invocations=268 (full 88):
 garbage-first heap   total 524288K, used 100435K [0x0000000701800000, 0x0000000800000000)
  region size 2048K, 0 young (0K), 0 survivors (0K)
 Metaspace       used 94573K, committed 95232K, reserved 1179648K
  class space    used 12978K, committed 13312K, reserved 1048576K
}
Event: 1469.896 GC heap before
{Heap before GC invocations=268 (full 88):
 garbage-first heap   total 524288K, used 104531K [0x0000000701800000, 0x0000000800000000)
  region size 2048K, 3 young (6144K), 0 survivors (0K)
 Metaspace       used 94580K, committed 95232K, reserved 1179648K
  class space    used 12978K, committed 13312K, reserved 1048576K
}
Event: 1469.942 GC heap after
{Heap after GC invocations=269 (full 89):
 garbage-first heap   total 524288K, used 100469K [0x0000000701800000, 0x0000000800000000)
  region size 2048K, 0 young (0K), 0 survivors (0K)
 Metaspace       used 94580K, committed 95232K, reserved 1179648K
  class space    used 12978K, committed 13312K, reserved 1048576K
}
Event: 1470.006 GC heap before
{Heap before GC invocations=269 (full 89):
 garbage-first heap   total 524288K, used 104565K [0x0000000701800000, 0x0000000800000000)
  region size 2048K, 3 young (6144K), 0 survivors (0K)
 Metaspace       used 94602K, committed 95296K, reserved 1179648K
  class space    used 12978K, committed 13312K, reserved 1048576K
}
Event: 1470.051 GC heap after
{Heap after GC invocations=270 (full 90):
 garbage-first heap   total 524288K, used 100468K [0x0000000701800000, 0x0000000800000000)
  region size 2048K, 0 young (0K), 0 survivors (0K)
 Metaspace       used 94602K, committed 95296K, reserved 1179648K
  class space    used 12978K, committed 13312K, reserved 1048576K
}
Event: 1470.157 GC heap before
{Heap before GC invocations=270 (full 90):
 garbage-first heap   total 524288K, used 104564K [0x0000000701800000, 0x0000000800000000)
  region size 2048K, 3 young (6144K), 0 survivors (0K)
 Metaspace       used 94604K, committed 95296K, reserved 1179648K
  class space    used 12978K, committed 13312K, reserved 1048576K
}
Event: 1470.202 GC heap after
{Heap after GC invocations=271 (full 91):
 garbage-first heap   total 524288K, used 100469K [0x0000000701800000, 0x0000000800000000)
  region size 2048K, 0 young (0K), 0 survivors (0K)
 Metaspace       used 94604K, committed 95296K, reserved 1179648K
  class space    used 12978K, committed 13312K, reserved 1048576K
}
Event: 1471.286 GC heap before
{Heap before GC invocations=271 (full 91):
 garbage-first heap   total 524288K, used 104565K [0x0000000701800000, 0x0000000800000000)
  region size 2048K, 3 young (6144K), 0 survivors (0K)
 Metaspace       used 94607K, committed 95296K, reserved 1179648K
  class space    used 12978K, committed 13312K, reserved 1048576K
}
Event: 1471.332 GC heap after
{Heap after GC invocations=272 (full 92):
 garbage-first heap   total 524288K, used 100469K [0x0000000701800000, 0x0000000800000000)
  region size 2048K, 0 young (0K), 0 survivors (0K)
 Metaspace       used 94607K, committed 95296K, reserved 1179648K
  class space    used 12978K, committed 13312K, reserved 1048576K
}
Event: 1477.359 GC heap before
{Heap before GC invocations=272 (full 92):
 garbage-first heap   total 524288K, used 118901K [0x0000000701800000, 0x0000000800000000)
  region size 2048K, 10 young (20480K), 0 survivors (0K)
 Metaspace       used 94608K, committed 95296K, reserved 1179648K
  class space    used 12978K, committed 13312K, reserved 1048576K
}
Event: 1477.404 GC heap after
{Heap after GC invocations=273 (full 93):
 garbage-first heap   total 524288K, used 100544K [0x0000000701800000, 0x0000000800000000)
  region size 2048K, 0 young (0K), 0 survivors (0K)
 Metaspace       used 94608K, committed 95296K, reserved 1179648K
  class space    used 12978K, committed 13312K, reserved 1048576K
}
Event: 1495.162 GC heap before
{Heap before GC invocations=273 (full 93):
 garbage-first heap   total 524288K, used 182464K [0x0000000701800000, 0x0000000800000000)
  region size 2048K, 40 young (81920K), 0 survivors (0K)
 Metaspace       used 94681K, committed 95360K, reserved 1179648K
  class space    used 12983K, committed 13312K, reserved 1048576K
}
Event: 1495.164 GC heap after
{Heap after GC invocations=274 (full 93):
 garbage-first heap   total 524288K, used 102536K [0x0000000701800000, 0x0000000800000000)
  region size 2048K, 1 young (2048K), 1 survivors (2048K)
 Metaspace       used 94681K, committed 95360K, reserved 1179648K
  class space    used 12983K, committed 13312K, reserved 1048576K
}
Event: 1499.305 GC heap before
{Heap before GC invocations=274 (full 93):
 garbage-first heap   total 524288K, used 182408K [0x0000000701800000, 0x0000000800000000)
  region size 2048K, 40 young (81920K), 1 survivors (2048K)
 Metaspace       used 94702K, committed 95424K, reserved 1179648K
  class space    used 12983K, committed 13312K, reserved 1048576K
}
Event: 1499.306 GC heap after
{Heap after GC invocations=275 (full 93):
 garbage-first heap   total 524288K, used 102679K [0x0000000701800000, 0x0000000800000000)
  region size 2048K, 2 young (4096K), 2 survivors (4096K)
 Metaspace       used 94702K, committed 95424K, reserved 1179648K
  class space    used 12983K, committed 13312K, reserved 1048576K
}
Event: 1507.523 GC heap before
{Heap before GC invocations=275 (full 93):
 garbage-first heap   total 524288K, used 180503K [0x0000000701800000, 0x0000000800000000)
  region size 2048K, 40 young (81920K), 2 survivors (4096K)
 Metaspace       used 94768K, committed 95488K, reserved 1179648K
  class space    used 12983K, committed 13312K, reserved 1048576K
}
Event: 1507.524 GC heap after
{Heap after GC invocations=276 (full 93):
 garbage-first heap   total 524288K, used 102701K [0x0000000701800000, 0x0000000800000000)
  region size 2048K, 2 young (4096K), 2 survivors (4096K)
 Metaspace       used 94768K, committed 95488K, reserved 1179648K
  class space    used 12983K, committed 13312K, reserved 1048576K
}

